c:\users\게스트\desktop\cm\openpose-1.4.0\build\src\openpose\openpose.dir\release\gridpatternfunctions.obj
c:\users\게스트\desktop\cm\openpose-1.4.0\build\src\openpose\openpose.dir\release\point.obj
c:\users\게스트\desktop\cm\openpose-1.4.0\build\src\openpose\openpose.dir\release\faceextractornet.obj
c:\users\게스트\desktop\cm\openpose-1.4.0\build\src\openpose\openpose.dir\release\filestream.obj
c:\users\게스트\desktop\cm\openpose-1.4.0\build\src\openpose\openpose.dir\release\guiadam.obj
c:\users\게스트\desktop\cm\openpose-1.4.0\build\src\openpose\openpose.dir\release\gui3d.obj
c:\users\게스트\desktop\cm\openpose-1.4.0\build\src\openpose\openpose.dir\release\handgpurenderer.obj
c:\users\게스트\desktop\cm\openpose-1.4.0\build\src\openpose\openpose.dir\release\nmscaffe.obj
c:\users\게스트\desktop\cm\openpose-1.4.0\build\src\openpose\openpose.dir\release\posegpurenderer.obj
c:\users\게스트\desktop\cm\openpose-1.4.0\build\src\openpose\openpose.dir\release\ipcamerareader.obj
c:\users\게스트\desktop\cm\openpose-1.4.0\build\src\openpose\openpose.dir\release\persontracker.obj
c:\users\게스트\desktop\cm\openpose-1.4.0\build\src\openpose\openpose.dir\release\wrapperstructextra.obj
c:\users\게스트\desktop\cm\openpose-1.4.0\build\src\openpose\openpose.dir\release\wrapperstructpose.obj
c:\users\게스트\desktop\cm\openpose-1.4.0\build\src\openpose\openpose.dir\release\cvmattoopinput.obj
c:\users\게스트\desktop\cm\openpose-1.4.0\build\src\openpose\openpose.dir\release\gpurenderer.obj
c:\users\게스트\desktop\cm\openpose-1.4.0\build\src\openpose\openpose.dir\release\facedetector.obj
c:\users\게스트\desktop\cm\openpose-1.4.0\build\src\openpose\openpose.dir\release\facerenderer.obj
c:\users\게스트\desktop\cm\openpose-1.4.0\build\src\openpose\openpose.dir\release\imagesaver.obj
c:\users\게스트\desktop\cm\openpose-1.4.0\build\src\openpose\openpose.dir\release\cuda.obj
c:\users\게스트\desktop\cm\openpose-1.4.0\build\src\openpose\openpose.dir\release\handextractorcaffe.obj
c:\users\게스트\desktop\cm\openpose-1.4.0\build\src\openpose\openpose.dir\release\resizeandmergecaffe.obj
c:\users\게스트\desktop\cm\openpose-1.4.0\build\src\openpose\openpose.dir\release\poseparameters.obj
c:\users\게스트\desktop\cm\openpose-1.4.0\build\src\openpose\openpose.dir\release\filesystem.obj
c:\users\게스트\desktop\cm\openpose-1.4.0\build\src\openpose\openpose.dir\release\cameraparameterestimation.obj
c:\users\게스트\desktop\cm\openpose-1.4.0\build\src\openpose\openpose.dir\release\scaleandsizeextractor.obj
c:\users\게스트\desktop\cm\openpose-1.4.0\build\src\openpose\openpose.dir\release\bvhsaver.obj
c:\users\게스트\desktop\cm\openpose-1.4.0\build\src\openpose\openpose.dir\release\filesaver.obj
c:\users\게스트\desktop\cm\openpose-1.4.0\build\src\openpose\openpose.dir\release\peoplejsonsaver.obj
c:\users\게스트\desktop\cm\openpose-1.4.0\build\src\openpose\openpose.dir\release\framedisplayer.obj
c:\users\게스트\desktop\cm\openpose-1.4.0\build\src\openpose\openpose.dir\release\handextractornet.obj
c:\users\게스트\desktop\cm\openpose-1.4.0\build\src\openpose\openpose.dir\release\netcaffe.obj
c:\users\게스트\desktop\cm\openpose-1.4.0\build\src\openpose\openpose.dir\release\poseextractor.obj
c:\users\게스트\desktop\cm\openpose-1.4.0\build\src\openpose\openpose.dir\release\poserenderer.obj
c:\users\게스트\desktop\cm\openpose-1.4.0\build\src\openpose\openpose.dir\release\spinnakerwrapper.obj
c:\users\게스트\desktop\cm\openpose-1.4.0\build\src\openpose\openpose.dir\release\errorandlog.obj
c:\users\게스트\desktop\cm\openpose-1.4.0\build\src\openpose\openpose.dir\release\string.obj
c:\users\게스트\desktop\cm\openpose-1.4.0\build\src\openpose\openpose.dir\release\array.obj
c:\users\게스트\desktop\cm\openpose-1.4.0\build\src\openpose\openpose.dir\release\cocojsonsaver.obj
c:\users\게스트\desktop\cm\openpose-1.4.0\build\src\openpose\openpose.dir\release\udpsender.obj
c:\users\게스트\desktop\cm\openpose-1.4.0\build\src\openpose\openpose.dir\release\guiinfoadder.obj
c:\users\게스트\desktop\cm\openpose-1.4.0\build\src\openpose\openpose.dir\release\renderhand.obj
c:\users\게스트\desktop\cm\openpose-1.4.0\build\src\openpose\openpose.dir\release\resizeandmergebase.obj
c:\users\게스트\desktop\cm\openpose-1.4.0\build\src\openpose\openpose.dir\release\poseextractornet.obj
c:\users\게스트\desktop\cm\openpose-1.4.0\build\src\openpose\openpose.dir\release\flirreader.obj
c:\users\게스트\desktop\cm\openpose-1.4.0\build\src\openpose\openpose.dir\release\webcamreader.obj
c:\users\게스트\desktop\cm\openpose-1.4.0\build\src\openpose\openpose.dir\release\opencv.obj
c:\users\게스트\desktop\cm\openpose-1.4.0\build\src\openpose\openpose.dir\release\wrapperstructoutput.obj
c:\users\게스트\desktop\cm\openpose-1.4.0\build\src\openpose\openpose.dir\release\cameraparameterreader.obj
c:\users\게스트\desktop\cm\openpose-1.4.0\build\src\openpose\openpose.dir\release\keeptopnpeople.obj
c:\users\게스트\desktop\cm\openpose-1.4.0\build\src\openpose\openpose.dir\release\renderer.obj
c:\users\게스트\desktop\cm\openpose-1.4.0\build\src\openpose\openpose.dir\release\facecpurenderer.obj
c:\users\게스트\desktop\cm\openpose-1.4.0\build\src\openpose\openpose.dir\release\heatmapsaver.obj
c:\users\게스트\desktop\cm\openpose-1.4.0\build\src\openpose\openpose.dir\release\videosaver.obj
c:\users\게스트\desktop\cm\openpose-1.4.0\build\src\openpose\openpose.dir\release\handdetectorfromtxt.obj
c:\users\게스트\desktop\cm\openpose-1.4.0\build\src\openpose\openpose.dir\release\maximumbase.obj
c:\users\게스트\desktop\cm\openpose-1.4.0\build\src\openpose\openpose.dir\release\resizeandmergebasecl.obj
c:\users\게스트\desktop\cm\openpose-1.4.0\build\src\openpose\openpose.dir\release\poseextractorcaffe.obj
c:\users\게스트\desktop\cm\openpose-1.4.0\build\src\openpose\openpose.dir\release\producer.obj
c:\users\게스트\desktop\cm\openpose-1.4.0\build\src\openpose\openpose.dir\release\pyramidallk.obj
c:\users\게스트\desktop\cm\openpose-1.4.0\build\src\openpose\openpose.dir\release\profiler.obj
c:\users\게스트\desktop\cm\openpose-1.4.0\build\src\openpose\openpose.dir\release\wrapperstructface.obj
c:\users\게스트\desktop\cm\openpose-1.4.0\build\src\openpose\openpose.dir\release\posetriangulation.obj
c:\users\게스트\desktop\cm\openpose-1.4.0\build\src\openpose\openpose.dir\release\rectangle.obj
c:\users\게스트\desktop\cm\openpose-1.4.0\build\src\openpose\openpose.dir\release\renderface.obj
c:\users\게스트\desktop\cm\openpose-1.4.0\build\src\openpose\openpose.dir\release\keypointsaver.obj
c:\users\게스트\desktop\cm\openpose-1.4.0\build\src\openpose\openpose.dir\release\opencl.obj
c:\users\게스트\desktop\cm\openpose-1.4.0\build\src\openpose\openpose.dir\release\handcpurenderer.obj
c:\users\게스트\desktop\cm\openpose-1.4.0\build\src\openpose\openpose.dir\release\nmsbase.obj
c:\users\게스트\desktop\cm\openpose-1.4.0\build\src\openpose\openpose.dir\release\bodypartconnectorcaffe.obj
c:\users\게스트\desktop\cm\openpose-1.4.0\build\src\openpose\openpose.dir\release\renderpose.obj
c:\users\게스트\desktop\cm\openpose-1.4.0\build\src\openpose\openpose.dir\release\videoreader.obj
c:\users\게스트\desktop\cm\openpose-1.4.0\build\src\openpose\openpose.dir\release\keypoint.obj
c:\users\게스트\desktop\cm\openpose-1.4.0\build\src\openpose\openpose.dir\release\wrapperstructinput.obj
c:\users\게스트\desktop\cm\openpose-1.4.0\build\src\openpose\openpose.dir\release\cvmattoopoutput.obj
c:\users\게스트\desktop\cm\openpose-1.4.0\build\src\openpose\openpose.dir\release\keypointscaler.obj
c:\users\게스트\desktop\cm\openpose-1.4.0\build\src\openpose\openpose.dir\release\facedetectoropencv.obj
c:\users\게스트\desktop\cm\openpose-1.4.0\build\src\openpose\openpose.dir\release\facegpurenderer.obj
c:\users\게스트\desktop\cm\openpose-1.4.0\build\src\openpose\openpose.dir\release\jsonofstream.obj
c:\users\게스트\desktop\cm\openpose-1.4.0\build\src\openpose\openpose.dir\release\gui.obj
c:\users\게스트\desktop\cm\openpose-1.4.0\build\src\openpose\openpose.dir\release\handrenderer.obj
c:\users\게스트\desktop\cm\openpose-1.4.0\build\src\openpose\openpose.dir\release\nmsbasecl.obj
c:\users\게스트\desktop\cm\openpose-1.4.0\build\src\openpose\openpose.dir\release\posecpurenderer.obj
c:\users\게스트\desktop\cm\openpose-1.4.0\build\src\openpose\openpose.dir\release\poseparametersrender.obj
c:\users\게스트\desktop\cm\openpose-1.4.0\build\src\openpose\openpose.dir\release\videocapturereader.obj
c:\users\게스트\desktop\cm\openpose-1.4.0\build\src\openpose\openpose.dir\release\flagstoopenpose.obj
c:\users\게스트\desktop\cm\openpose-1.4.0\build\src\openpose\openpose.dir\release\wrapperstructhand.obj
c:\users\게스트\desktop\cm\openpose-1.4.0\build\src\openpose\openpose.dir\release\jointangleestimation.obj
c:\users\게스트\desktop\cm\openpose-1.4.0\build\src\openpose\openpose.dir\release\datum.obj
c:\users\게스트\desktop\cm\openpose-1.4.0\build\src\openpose\openpose.dir\release\opoutputtocvmat.obj
c:\users\게스트\desktop\cm\openpose-1.4.0\build\src\openpose\openpose.dir\release\faceextractorcaffe.obj
c:\users\게스트\desktop\cm\openpose-1.4.0\build\src\openpose\openpose.dir\release\gpu.obj
c:\users\게스트\desktop\cm\openpose-1.4.0\build\src\openpose\openpose.dir\release\handdetector.obj
c:\users\게스트\desktop\cm\openpose-1.4.0\build\src\openpose\openpose.dir\release\maximumcaffe.obj
c:\users\게스트\desktop\cm\openpose-1.4.0\build\src\openpose\openpose.dir\release\bodypartconnectorbase.obj
c:\users\게스트\desktop\cm\openpose-1.4.0\build\src\openpose\openpose.dir\release\imagedirectoryreader.obj
c:\users\게스트\desktop\cm\openpose-1.4.0\build\src\openpose\openpose.dir\release\personidextractor.obj
c:\users\게스트\desktop\cm\openpose-1.4.0\build\src\openpose\openpose.dir\release\wrapperauxiliary.obj
c:\users\게스트\desktop\cm\openpose-1.4.0\build\src\openpose\openpose.dir\release\3d\definetemplates.cpp.obj
c:\users\게스트\desktop\cm\openpose-1.4.0\build\src\openpose\openpose.dir\release\core\definetemplates.cpp.obj
c:\users\게스트\desktop\cm\openpose-1.4.0\build\src\openpose\openpose.dir\release\face\definetemplates.cpp.obj
c:\users\게스트\desktop\cm\openpose-1.4.0\build\src\openpose\openpose.dir\release\filestream\definetemplates.cpp.obj
c:\users\게스트\desktop\cm\openpose-1.4.0\build\src\openpose\openpose.dir\release\gui\definetemplates.cpp.obj
c:\users\게스트\desktop\cm\openpose-1.4.0\build\src\openpose\openpose.dir\release\hand\definetemplates.cpp.obj
c:\users\게스트\desktop\cm\openpose-1.4.0\build\src\openpose\openpose.dir\release\pose\definetemplates.cpp.obj
c:\users\게스트\desktop\cm\openpose-1.4.0\build\src\openpose\openpose.dir\release\producer\definetemplates.cpp.obj
c:\users\게스트\desktop\cm\openpose-1.4.0\build\src\openpose\openpose.dir\release\thread\definetemplates.cpp.obj
c:\users\게스트\desktop\cm\openpose-1.4.0\build\src\openpose\openpose.dir\release\tracking\definetemplates.cpp.obj
c:\users\게스트\desktop\cm\openpose-1.4.0\build\src\openpose\openpose.dir\release\wrapper\definetemplates.cpp.obj
c:\users\게스트\desktop\cm\openpose-1.4.0\build\src\openpose\cmakefiles\openpose.dir\face\release\openpose_generated_renderface.cu.obj
c:\users\게스트\desktop\cm\openpose-1.4.0\build\src\openpose\cmakefiles\openpose.dir\hand\release\openpose_generated_renderhand.cu.obj
c:\users\게스트\desktop\cm\openpose-1.4.0\build\src\openpose\cmakefiles\openpose.dir\net\release\openpose_generated_maximumbase.cu.obj
c:\users\게스트\desktop\cm\openpose-1.4.0\build\src\openpose\cmakefiles\openpose.dir\net\release\openpose_generated_nmsbase.cu.obj
c:\users\게스트\desktop\cm\openpose-1.4.0\build\src\openpose\cmakefiles\openpose.dir\net\release\openpose_generated_resizeandmergebase.cu.obj
c:\users\게스트\desktop\cm\openpose-1.4.0\build\src\openpose\cmakefiles\openpose.dir\pose\release\openpose_generated_bodypartconnectorbase.cu.obj
c:\users\게스트\desktop\cm\openpose-1.4.0\build\src\openpose\cmakefiles\openpose.dir\pose\release\openpose_generated_renderpose.cu.obj
c:\users\게스트\desktop\cm\openpose-1.4.0\build\src\openpose\cmakefiles\openpose.dir\tracking\release\openpose_generated_pyramidallk.cu.obj
c:\users\게스트\desktop\cm\openpose-1.4.0\build\x64\release\openpose.dll
c:\users\게스트\desktop\cm\openpose-1.4.0\build\src\openpose\release\openpose.lib
c:\users\게스트\desktop\cm\openpose-1.4.0\build\src\openpose\release\openpose.exp
c:\users\게스트\desktop\cm\openpose-1.4.0\build\src\openpose\openpose.dir\release\openpose.tlog\cl.command.1.tlog
c:\users\게스트\desktop\cm\openpose-1.4.0\build\src\openpose\openpose.dir\release\openpose.tlog\cl.read.1.tlog
c:\users\게스트\desktop\cm\openpose-1.4.0\build\src\openpose\openpose.dir\release\openpose.tlog\cl.write.1.tlog
c:\users\게스트\desktop\cm\openpose-1.4.0\build\src\openpose\openpose.dir\release\openpose.tlog\custombuild.command.1.tlog
c:\users\게스트\desktop\cm\openpose-1.4.0\build\src\openpose\openpose.dir\release\openpose.tlog\custombuild.read.1.tlog
c:\users\게스트\desktop\cm\openpose-1.4.0\build\src\openpose\openpose.dir\release\openpose.tlog\custombuild.write.1.tlog
c:\users\게스트\desktop\cm\openpose-1.4.0\build\src\openpose\openpose.dir\release\openpose.tlog\link.command.1.tlog
c:\users\게스트\desktop\cm\openpose-1.4.0\build\src\openpose\openpose.dir\release\openpose.tlog\link.read.1.tlog
c:\users\게스트\desktop\cm\openpose-1.4.0\build\src\openpose\openpose.dir\release\openpose.tlog\link.write.1.tlog
c:\users\게스트\desktop\cm\openpose-1.4.0\build\src\openpose\openpose.dir\release\openpose.tlog\openpose.write.1u.tlog
